# JRE version: Java(TM) SE Runtime Environment (8.0_121-b13) (build 1.8.0_121-b13)
# Java VM: Java HotSpot(TM) 64-Bit Server VM (25.121-b13 mixed mode windows-amd64 compressed oops)
Heap:
 PSYoungGen      total 96256K, used 83749K [0x00000000d5580000, 0x00000000dbf80000, 0x0000000100000000)
  eden space 86016K, 97% used [0x00000000d5580000,0x00000000da749640,0x00000000da980000)
  from space 10240K, 0% used [0x00000000db400000,0x00000000db400000,0x00000000dbe00000)
  to   space 10752K, 0% used [0x00000000da980000,0x00000000da980000,0x00000000db400000)
 ParOldGen       total 68608K, used 12824K [0x0000000080000000, 0x0000000084300000, 0x00000000d5580000)
  object space 68608K, 18% used [0x0000000080000000,0x0000000080c861f8,0x0000000084300000)
 Metaspace       used 36324K, capacity 38052K, committed 38320K, reserved 1081344K
  class space    used 5090K, capacity 5427K, committed 5552K, reserved 1048576K
GC Heap History (10 events):
Event: 3.311 GC heap before
{Heap before GC invocations=8 (full 1):
 PSYoungGen      total 38400K, used 38051K [0x00000000d5580000, 0x00000000d8000000, 0x0000000100000000)
  eden space 33280K, 100% used [0x00000000d5580000,0x00000000d7600000,0x00000000d7600000)
  from space 5120K, 93% used [0x00000000d7b00000,0x00000000d7fa8c90,0x00000000d8000000)
  to   space 5120K, 0% used [0x00000000d7600000,0x00000000d7600000,0x00000000d7b00000)
 ParOldGen       total 47104K, used 5561K [0x0000000080000000, 0x0000000082e00000, 0x00000000d5580000)
  object space 47104K, 11% used [0x0000000080000000,0x000000008056e5e8,0x0000000082e00000)
 Metaspace       used 26454K, capacity 27252K, committed 27568K, reserved 1073152K
  class space    used 3468K, capacity 3655K, committed 3760K, reserved 1048576K
Event: 3.319 GC heap after
Heap after GC invocations=8 (full 1):
 PSYoungGen      total 38400K, used 5088K [0x00000000d5580000, 0x00000000da180000, 0x0000000100000000)
  eden space 33280K, 0% used [0x00000000d5580000,0x00000000d5580000,0x00000000d7600000)
  from space 5120K, 99% used [0x00000000d7600000,0x00000000d7af8378,0x00000000d7b00000)
  to   space 8704K, 0% used [0x00000000d9900000,0x00000000d9900000,0x00000000da180000)
 ParOldGen       total 47104K, used 6741K [0x0000000080000000, 0x0000000082e00000, 0x00000000d5580000)
  object space 47104K, 14% used [0x0000000080000000,0x00000000806957c0,0x0000000082e00000)
 Metaspace       used 26454K, capacity 27252K, committed 27568K, reserved 1073152K
  class space    used 3468K, capacity 3655K, committed 3760K, reserved 1048576K
}
Event: 3.756 GC heap before
{Heap before GC invocations=9 (full 1):
 PSYoungGen      total 38400K, used 38368K [0x00000000d5580000, 0x00000000da180000, 0x0000000100000000)
  eden space 33280K, 100% used [0x00000000d5580000,0x00000000d7600000,0x00000000d7600000)
  from space 5120K, 99% used [0x00000000d7600000,0x00000000d7af8378,0x00000000d7b00000)
  to   space 8704K, 0% used [0x00000000d9900000,0x00000000d9900000,0x00000000da180000)
 ParOldGen       total 47104K, used 6741K [0x0000000080000000, 0x0000000082e00000, 0x00000000d5580000)
  object space 47104K, 14% used [0x0000000080000000,0x00000000806957c0,0x0000000082e00000)
 Metaspace       used 28968K, capacity 30018K, committed 30256K, reserved 1075200K
  class space    used 3797K, capacity 4040K, committed 4144K, reserved 1048576K
Event: 3.769 GC heap after
Heap after GC invocations=9 (full 1):
 PSYoungGen      total 67072K, used 7162K [0x00000000d5580000, 0x00000000da080000, 0x0000000100000000)
  eden space 59392K, 0% used [0x00000000d5580000,0x00000000d5580000,0x00000000d8f80000)
  from space 7680K, 93% used [0x00000000d9900000,0x00000000d9ffe9d8,0x00000000da080000)
  to   space 8704K, 0% used [0x00000000d8f80000,0x00000000d8f80000,0x00000000d9800000)
 ParOldGen       total 47104K, used 6749K [0x0000000080000000, 0x0000000082e00000, 0x00000000d5580000)
  object space 47104K, 14% used [0x0000000080000000,0x00000000806977c0,0x0000000082e00000)
 Metaspace       used 28968K, capacity 30018K, committed 30256K, reserved 1075200K
  class space    used 3797K, capacity 4040K, committed 4144K, reserved 1048576K
}
Event: 4.935 GC heap before
{Heap before GC invocations=10 (full 1):
 PSYoungGen      total 67072K, used 66554K [0x00000000d5580000, 0x00000000da080000, 0x0000000100000000)
  eden space 59392K, 100% used [0x00000000d5580000,0x00000000d8f80000,0x00000000d8f80000)
  from space 7680K, 93% used [0x00000000d9900000,0x00000000d9ffe9d8,0x00000000da080000)
  to   space 8704K, 0% used [0x00000000d8f80000,0x00000000d8f80000,0x00000000d9800000)
 ParOldGen       total 47104K, used 6749K [0x0000000080000000, 0x0000000082e00000, 0x00000000d5580000)
  object space 47104K, 14% used [0x0000000080000000,0x00000000806977c0,0x0000000082e00000)
 Metaspace       used 33304K, capacity 34450K, committed 34608K, reserved 1079296K
  class space    used 4643K, capacity 4880K, committed 4912K, reserved 1048576K
Event: 4.950 GC heap after
Heap after GC invocations=10 (full 1):
 PSYoungGen      total 68096K, used 8697K [0x00000000d5580000, 0x00000000dbe00000, 0x0000000100000000)
  eden space 59392K, 0% used [0x00000000d5580000,0x00000000d5580000,0x00000000d8f80000)
  from space 8704K, 99% used [0x00000000d8f80000,0x00000000d97fe530,0x00000000d9800000)
  to   space 10240K, 0% used [0x00000000db400000,0x00000000db400000,0x00000000dbe00000)
 ParOldGen       total 47104K, used 9034K [0x0000000080000000, 0x0000000082e00000, 0x00000000d5580000)
  object space 47104K, 19% used [0x0000000080000000,0x00000000808d2900,0x0000000082e00000)
 Metaspace       used 33304K, capacity 34450K, committed 34608K, reserved 1079296K
  class space    used 4643K, capacity 4880K, committed 4912K, reserved 1048576K
}
Event: 5.173 GC heap before
{Heap before GC invocations=11 (full 1):
 PSYoungGen      total 68096K, used 28931K [0x00000000d5580000, 0x00000000dbe00000, 0x0000000100000000)
  eden space 59392K, 34% used [0x00000000d5580000,0x00000000d6942788,0x00000000d8f80000)
  from space 8704K, 99% used [0x00000000d8f80000,0x00000000d97fe530,0x00000000d9800000)
  to   space 10240K, 0% used [0x00000000db400000,0x00000000db400000,0x00000000dbe00000)
 ParOldGen       total 47104K, used 9034K [0x0000000080000000, 0x0000000082e00000, 0x00000000d5580000)
  object space 47104K, 19% used [0x0000000080000000,0x00000000808d2900,0x0000000082e00000)
 Metaspace       used 34288K, capacity 35468K, committed 35496K, reserved 1079296K
  class space    used 4762K, capacity 5031K, committed 5040K, reserved 1048576K
Event: 5.185 GC heap after
Heap after GC invocations=11 (full 1):
 PSYoungGen      total 96256K, used 2986K [0x00000000d5580000, 0x00000000dbf80000, 0x0000000100000000)
  eden space 86016K, 0% used [0x00000000d5580000,0x00000000d5580000,0x00000000da980000)
  from space 10240K, 29% used [0x00000000db400000,0x00000000db6eab00,0x00000000dbe00000)
  to   space 10752K, 0% used [0x00000000da980000,0x00000000da980000,0x00000000db400000)
 ParOldGen       total 47104K, used 12626K [0x0000000080000000, 0x0000000082e00000, 0x00000000d5580000)
  object space 47104K, 26% used [0x0000000080000000,0x0000000080c54920,0x0000000082e00000)
 Metaspace       used 34288K, capacity 35468K, committed 35496K, reserved 1079296K
  class space    used 4762K, capacity 5031K, committed 5040K, reserved 1048576K
}
Event: 5.185 GC heap before
{Heap before GC invocations=12 (full 2):
 PSYoungGen      total 96256K, used 2986K [0x00000000d5580000, 0x00000000dbf80000, 0x0000000100000000)
  eden space 86016K, 0% used [0x00000000d5580000,0x00000000d5580000,0x00000000da980000)
  from space 10240K, 29% used [0x00000000db400000,0x00000000db6eab00,0x00000000dbe00000)
  to   space 10752K, 0% used [0x00000000da980000,0x00000000da980000,0x00000000db400000)
 ParOldGen       total 47104K, used 12626K [0x0000000080000000, 0x0000000082e00000, 0x00000000d5580000)
  object space 47104K, 26% used [0x0000000080000000,0x0000000080c54920,0x0000000082e00000)
 Metaspace       used 34288K, capacity 35468K, committed 35496K, reserved 1079296K
  class space    used 4762K, capacity 5031K, committed 5040K, reserved 1048576K
Event: 5.276 GC heap after
Heap after GC invocations=12 (full 2):
 PSYoungGen      total 96256K, used 0K [0x00000000d5580000, 0x00000000dbf80000, 0x0000000100000000)
  eden space 86016K, 0% used [0x00000000d5580000,0x00000000d5580000,0x00000000da980000)
  from space 10240K, 0% used [0x00000000db400000,0x00000000db400000,0x00000000dbe00000)
  to   space 10752K, 0% used [0x00000000da980000,0x00000000da980000,0x00000000db400000)
 ParOldGen       total 68608K, used 12824K [0x0000000080000000, 0x0000000084300000, 0x00000000d5580000)
  object space 68608K, 18% used [0x0000000080000000,0x0000000080c861f8,0x0000000084300000)
 Metaspace       used 34288K, capacity 35468K, committed 35496K, reserved 1079296K
  class space    used 4762K, capacity 5031K, committed 5040K, reserved 1048576K
}

