# JRE version: Java(TM) SE Runtime Environment (8.0_121-b13) (build 1.8.0_121-b13)
# Java VM: Java HotSpot(TM) 64-Bit Server VM (25.121-b13 mixed mode windows-amd64 compressed oops)
Heap:
 PSYoungGen      total 255488K, used 42783K [0x00000000d5580000, 0x00000000ec580000, 0x0000000100000000)
  eden space 240128K, 11% used [0x00000000d5580000,0x00000000d70a5850,0x00000000e4000000)
  from space 15360K, 97% used [0x00000000e4000000,0x00000000e4ea25e0,0x00000000e4f00000)
  to   space 17408K, 0% used [0x00000000eb480000,0x00000000eb480000,0x00000000ec580000)
 ParOldGen       total 69120K, used 21243K [0x0000000080000000, 0x0000000084380000, 0x00000000d5580000)
  object space 69120K, 30% used [0x0000000080000000,0x00000000814bed80,0x0000000084380000)
 Metaspace       used 50381K, capacity 53294K, committed 53544K, reserved 1095680K
  class space    used 6878K, capacity 7366K, committed 7472K, reserved 1048576K
GC Heap History (10 events):
Event: 3.225 GC heap before
{Heap before GC invocations=7 (full 1):
 PSYoungGen      total 71680K, used 66560K [0x00000000d5580000, 0x00000000de980000, 0x0000000100000000)
  eden space 66560K, 100% used [0x00000000d5580000,0x00000000d9680000,0x00000000d9680000)
  from space 5120K, 0% used [0x00000000d9680000,0x00000000d9680000,0x00000000d9b80000)
  to   space 9216K, 0% used [0x00000000de080000,0x00000000de080000,0x00000000de980000)
 ParOldGen       total 44032K, used 5041K [0x0000000080000000, 0x0000000082b00000, 0x00000000d5580000)
  object space 44032K, 11% used [0x0000000080000000,0x00000000804ec650,0x0000000082b00000)
 Metaspace       used 26337K, capacity 27100K, committed 27312K, reserved 1073152K
  class space    used 3450K, capacity 3653K, committed 3760K, reserved 1048576K
Event: 3.258 GC heap after
Heap after GC invocations=7 (full 1):
 PSYoungGen      total 137728K, used 9068K [0x00000000d5580000, 0x00000000de980000, 0x0000000100000000)
  eden space 128512K, 0% used [0x00000000d5580000,0x00000000d5580000,0x00000000dd300000)
  from space 9216K, 98% used [0x00000000de080000,0x00000000de95b268,0x00000000de980000)
  to   space 10240K, 0% used [0x00000000dd580000,0x00000000dd580000,0x00000000ddf80000)
 ParOldGen       total 44032K, used 5041K [0x0000000080000000, 0x0000000082b00000, 0x00000000d5580000)
  object space 44032K, 11% used [0x0000000080000000,0x00000000804ec650,0x0000000082b00000)
 Metaspace       used 26337K, capacity 27100K, committed 27312K, reserved 1073152K
  class space    used 3450K, capacity 3653K, committed 3760K, reserved 1048576K
}
Event: 4.743 GC heap before
{Heap before GC invocations=8 (full 1):
 PSYoungGen      total 137728K, used 116597K [0x00000000d5580000, 0x00000000de980000, 0x0000000100000000)
  eden space 128512K, 83% used [0x00000000d5580000,0x00000000dbe82470,0x00000000dd300000)
  from space 9216K, 98% used [0x00000000de080000,0x00000000de95b268,0x00000000de980000)
  to   space 10240K, 0% used [0x00000000dd580000,0x00000000dd580000,0x00000000ddf80000)
 ParOldGen       total 44032K, used 5041K [0x0000000080000000, 0x0000000082b00000, 0x00000000d5580000)
  object space 44032K, 11% used [0x0000000080000000,0x00000000804ec650,0x0000000082b00000)
 Metaspace       used 33929K, capacity 35358K, committed 35496K, reserved 1079296K
  class space    used 4448K, capacity 4728K, committed 4784K, reserved 1048576K
Event: 4.766 GC heap after
Heap after GC invocations=8 (full 1):
 PSYoungGen      total 141312K, used 10212K [0x00000000d5580000, 0x00000000e6300000, 0x0000000100000000)
  eden space 131072K, 0% used [0x00000000d5580000,0x00000000d5580000,0x00000000dd580000)
  from space 10240K, 99% used [0x00000000dd580000,0x00000000ddf79040,0x00000000ddf80000)
  to   space 15360K, 0% used [0x00000000e5400000,0x00000000e5400000,0x00000000e6300000)
 ParOldGen       total 44032K, used 12149K [0x0000000080000000, 0x0000000082b00000, 0x00000000d5580000)
  object space 44032K, 27% used [0x0000000080000000,0x0000000080bdd6e8,0x0000000082b00000)
 Metaspace       used 33929K, capacity 35358K, committed 35496K, reserved 1079296K
  class space    used 4448K, capacity 4728K, committed 4784K, reserved 1048576K
}
Event: 4.766 GC heap before
{Heap before GC invocations=9 (full 2):
 PSYoungGen      total 141312K, used 10212K [0x00000000d5580000, 0x00000000e6300000, 0x0000000100000000)
  eden space 131072K, 0% used [0x00000000d5580000,0x00000000d5580000,0x00000000dd580000)
  from space 10240K, 99% used [0x00000000dd580000,0x00000000ddf79040,0x00000000ddf80000)
  to   space 15360K, 0% used [0x00000000e5400000,0x00000000e5400000,0x00000000e6300000)
 ParOldGen       total 44032K, used 12149K [0x0000000080000000, 0x0000000082b00000, 0x00000000d5580000)
  object space 44032K, 27% used [0x0000000080000000,0x0000000080bdd6e8,0x0000000082b00000)
 Metaspace       used 33929K, capacity 35358K, committed 35496K, reserved 1079296K
  class space    used 4448K, capacity 4728K, committed 4784K, reserved 1048576K
Event: 4.850 GC heap after
Heap after GC invocations=9 (full 2):
 PSYoungGen      total 141312K, used 0K [0x00000000d5580000, 0x00000000e6300000, 0x0000000100000000)
  eden space 131072K, 0% used [0x00000000d5580000,0x00000000d5580000,0x00000000dd580000)
  from space 10240K, 0% used [0x00000000dd580000,0x00000000dd580000,0x00000000ddf80000)
  to   space 15360K, 0% used [0x00000000e5400000,0x00000000e5400000,0x00000000e6300000)
 ParOldGen       total 69120K, used 21227K [0x0000000080000000, 0x0000000084380000, 0x00000000d5580000)
  object space 69120K, 30% used [0x0000000080000000,0x00000000814bad80,0x0000000084380000)
 Metaspace       used 33929K, capacity 35358K, committed 35496K, reserved 1079296K
  class space    used 4448K, capacity 4728K, committed 4784K, reserved 1048576K
}
Event: 6.749 GC heap before
{Heap before GC invocations=10 (full 2):
 PSYoungGen      total 141312K, used 131072K [0x00000000d5580000, 0x00000000e6300000, 0x0000000100000000)
  eden space 131072K, 100% used [0x00000000d5580000,0x00000000dd580000,0x00000000dd580000)
  from space 10240K, 0% used [0x00000000dd580000,0x00000000dd580000,0x00000000ddf80000)
  to   space 15360K, 0% used [0x00000000e5400000,0x00000000e5400000,0x00000000e6300000)
 ParOldGen       total 69120K, used 21227K [0x0000000080000000, 0x0000000084380000, 0x00000000d5580000)
  object space 69120K, 30% used [0x0000000080000000,0x00000000814bad80,0x0000000084380000)
 Metaspace       used 40957K, capacity 42960K, committed 43304K, reserved 1087488K
  class space    used 5453K, capacity 5837K, committed 5936K, reserved 1048576K
Event: 6.770 GC heap after
Heap after GC invocations=10 (full 2):
 PSYoungGen      total 245760K, used 10172K [0x00000000d5580000, 0x00000000e5e00000, 0x0000000100000000)
  eden space 235520K, 0% used [0x00000000d5580000,0x00000000d5580000,0x00000000e3b80000)
  from space 10240K, 99% used [0x00000000e5400000,0x00000000e5def028,0x00000000e5e00000)
  to   space 15360K, 0% used [0x00000000e4000000,0x00000000e4000000,0x00000000e4f00000)
 ParOldGen       total 69120K, used 21235K [0x0000000080000000, 0x0000000084380000, 0x00000000d5580000)
  object space 69120K, 30% used [0x0000000080000000,0x00000000814bcd80,0x0000000084380000)
 Metaspace       used 40957K, capacity 42960K, committed 43304K, reserved 1087488K
  class space    used 5453K, capacity 5837K, committed 5936K, reserved 1048576K
}
Event: 9.310 GC heap before
{Heap before GC invocations=11 (full 2):
 PSYoungGen      total 245760K, used 245692K [0x00000000d5580000, 0x00000000e5e00000, 0x0000000100000000)
  eden space 235520K, 100% used [0x00000000d5580000,0x00000000e3b80000,0x00000000e3b80000)
  from space 10240K, 99% used [0x00000000e5400000,0x00000000e5def028,0x00000000e5e00000)
  to   space 15360K, 0% used [0x00000000e4000000,0x00000000e4000000,0x00000000e4f00000)
 ParOldGen       total 69120K, used 21235K [0x0000000080000000, 0x0000000084380000, 0x00000000d5580000)
  object space 69120K, 30% used [0x0000000080000000,0x00000000814bcd80,0x0000000084380000)
 Metaspace       used 48111K, capacity 50840K, committed 51112K, reserved 1093632K
  class space    used 6554K, capacity 7039K, committed 7088K, reserved 1048576K
Event: 9.348 GC heap after
Heap after GC invocations=11 (full 2):
 PSYoungGen      total 255488K, used 14985K [0x00000000d5580000, 0x00000000ec580000, 0x0000000100000000)
  eden space 240128K, 0% used [0x00000000d5580000,0x00000000d5580000,0x00000000e4000000)
  from space 15360K, 97% used [0x00000000e4000000,0x00000000e4ea25e0,0x00000000e4f00000)
  to   space 17408K, 0% used [0x00000000eb480000,0x00000000eb480000,0x00000000ec580000)
 ParOldGen       total 69120K, used 21243K [0x0000000080000000, 0x0000000084380000, 0x00000000d5580000)
  object space 69120K, 30% used [0x0000000080000000,0x00000000814bed80,0x0000000084380000)
 Metaspace       used 48111K, capacity 50840K, committed 51112K, reserved 1093632K
  class space    used 6554K, capacity 7039K, committed 7088K, reserved 1048576K
}

