# JRE version: Java(TM) SE Runtime Environment (8.0_121-b13) (build 1.8.0_121-b13)
# Java VM: Java HotSpot(TM) 64-Bit Server VM (25.121-b13 mixed mode windows-amd64 compressed oops)
Heap:
 PSYoungGen      total 213504K, used 142729K [0x00000000d5580000, 0x00000000e3c80000, 0x0000000100000000)
  eden space 203264K, 65% used [0x00000000d5580000,0x00000000dd707fc8,0x00000000e1c00000)
  from space 10240K, 98% used [0x00000000e3280000,0x00000000e3c5a658,0x00000000e3c80000)
  to   space 14848K, 0% used [0x00000000e1f80000,0x00000000e1f80000,0x00000000e2e00000)
 ParOldGen       total 48640K, used 21111K [0x0000000080000000, 0x0000000082f80000, 0x00000000d5580000)
  object space 48640K, 43% used [0x0000000080000000,0x000000008149df48,0x0000000082f80000)
 Metaspace       used 44500K, capacity 46818K, committed 47144K, reserved 1089536K
  class space    used 5980K, capacity 6376K, committed 6448K, reserved 1048576K
GC Heap History (10 events):
Event: 2.548 GC heap before
{Heap before GC invocations=6 (full 1):
 PSYoungGen      total 71680K, used 5104K [0x00000000d5580000, 0x00000000de880000, 0x0000000100000000)
  eden space 66560K, 0% used [0x00000000d5580000,0x00000000d5580000,0x00000000d9680000)
  from space 5120K, 99% used [0x00000000d9680000,0x00000000d9b7c010,0x00000000d9b80000)
  to   space 8704K, 0% used [0x00000000de000000,0x00000000de000000,0x00000000de880000)
 ParOldGen       total 87552K, used 5647K [0x0000000080000000, 0x0000000085580000, 0x00000000d5580000)
  object space 87552K, 6% used [0x0000000080000000,0x0000000080583c08,0x0000000085580000)
 Metaspace       used 20735K, capacity 21270K, committed 21296K, reserved 1067008K
  class space    used 2684K, capacity 2848K, committed 2864K, reserved 1048576K
Event: 2.580 GC heap after
Heap after GC invocations=6 (full 1):
 PSYoungGen      total 71680K, used 0K [0x00000000d5580000, 0x00000000de880000, 0x0000000100000000)
  eden space 66560K, 0% used [0x00000000d5580000,0x00000000d5580000,0x00000000d9680000)
  from space 5120K, 0% used [0x00000000d9680000,0x00000000d9680000,0x00000000d9b80000)
  to   space 8704K, 0% used [0x00000000de000000,0x00000000de000000,0x00000000de880000)
 ParOldGen       total 48640K, used 5413K [0x0000000080000000, 0x0000000082f80000, 0x00000000d5580000)
  object space 48640K, 11% used [0x0000000080000000,0x00000000805497d8,0x0000000082f80000)
 Metaspace       used 20735K, capacity 21270K, committed 21296K, reserved 1067008K
  class space    used 2684K, capacity 2848K, committed 2864K, reserved 1048576K
}
Event: 3.354 GC heap before
{Heap before GC invocations=7 (full 1):
 PSYoungGen      total 71680K, used 66560K [0x00000000d5580000, 0x00000000de880000, 0x0000000100000000)
  eden space 66560K, 100% used [0x00000000d5580000,0x00000000d9680000,0x00000000d9680000)
  from space 5120K, 0% used [0x00000000d9680000,0x00000000d9680000,0x00000000d9b80000)
  to   space 8704K, 0% used [0x00000000de000000,0x00000000de000000,0x00000000de880000)
 ParOldGen       total 48640K, used 5413K [0x0000000080000000, 0x0000000082f80000, 0x00000000d5580000)
  object space 48640K, 11% used [0x0000000080000000,0x00000000805497d8,0x0000000082f80000)
 Metaspace       used 26430K, capacity 27258K, committed 27568K, reserved 1073152K
  class space    used 3464K, capacity 3658K, committed 3760K, reserved 1048576K
Event: 3.372 GC heap after
Heap after GC invocations=7 (full 1):
 PSYoungGen      total 128512K, used 8689K [0x00000000d5580000, 0x00000000de880000, 0x0000000100000000)
  eden space 119808K, 0% used [0x00000000d5580000,0x00000000d5580000,0x00000000dca80000)
  from space 8704K, 99% used [0x00000000de000000,0x00000000de87c650,0x00000000de880000)
  to   space 10240K, 0% used [0x00000000dd480000,0x00000000dd480000,0x00000000dde80000)
 ParOldGen       total 48640K, used 5761K [0x0000000080000000, 0x0000000082f80000, 0x00000000d5580000)
  object space 48640K, 11% used [0x0000000080000000,0x00000000805a0440,0x0000000082f80000)
 Metaspace       used 26430K, capacity 27258K, committed 27568K, reserved 1073152K
  class space    used 3464K, capacity 3658K, committed 3760K, reserved 1048576K
}
Event: 4.936 GC heap before
{Heap before GC invocations=8 (full 1):
 PSYoungGen      total 128512K, used 114928K [0x00000000d5580000, 0x00000000de880000, 0x0000000100000000)
  eden space 119808K, 88% used [0x00000000d5580000,0x00000000dbd3fbc0,0x00000000dca80000)
  from space 8704K, 99% used [0x00000000de000000,0x00000000de87c650,0x00000000de880000)
  to   space 10240K, 0% used [0x00000000dd480000,0x00000000dd480000,0x00000000dde80000)
 ParOldGen       total 48640K, used 5761K [0x0000000080000000, 0x0000000082f80000, 0x00000000d5580000)
  object space 48640K, 11% used [0x0000000080000000,0x00000000805a0440,0x0000000082f80000)
 Metaspace       used 33936K, capacity 35362K, committed 35496K, reserved 1079296K
  class space    used 4447K, capacity 4728K, committed 4784K, reserved 1048576K
Event: 4.962 GC heap after
Heap after GC invocations=8 (full 1):
 PSYoungGen      total 140288K, used 10232K [0x00000000d5580000, 0x00000000e4100000, 0x0000000100000000)
  eden space 130048K, 0% used [0x00000000d5580000,0x00000000d5580000,0x00000000dd480000)
  from space 10240K, 99% used [0x00000000dd480000,0x00000000dde7e070,0x00000000dde80000)
  to   space 14848K, 0% used [0x00000000e3280000,0x00000000e3280000,0x00000000e4100000)
 ParOldGen       total 48640K, used 12493K [0x0000000080000000, 0x0000000082f80000, 0x00000000d5580000)
  object space 48640K, 25% used [0x0000000080000000,0x0000000080c33498,0x0000000082f80000)
 Metaspace       used 33936K, capacity 35362K, committed 35496K, reserved 1079296K
  class space    used 4447K, capacity 4728K, committed 4784K, reserved 1048576K
}
Event: 4.962 GC heap before
{Heap before GC invocations=9 (full 2):
 PSYoungGen      total 140288K, used 10232K [0x00000000d5580000, 0x00000000e4100000, 0x0000000100000000)
  eden space 130048K, 0% used [0x00000000d5580000,0x00000000d5580000,0x00000000dd480000)
  from space 10240K, 99% used [0x00000000dd480000,0x00000000dde7e070,0x00000000dde80000)
  to   space 14848K, 0% used [0x00000000e3280000,0x00000000e3280000,0x00000000e4100000)
 ParOldGen       total 48640K, used 12493K [0x0000000080000000, 0x0000000082f80000, 0x00000000d5580000)
  object space 48640K, 25% used [0x0000000080000000,0x0000000080c33498,0x0000000082f80000)
 Metaspace       used 33936K, capacity 35362K, committed 35496K, reserved 1079296K
  class space    used 4447K, capacity 4728K, committed 4784K, reserved 1048576K
Event: 5.057 GC heap after
Heap after GC invocations=9 (full 2):
 PSYoungGen      total 140288K, used 0K [0x00000000d5580000, 0x00000000e4100000, 0x0000000100000000)
  eden space 130048K, 0% used [0x00000000d5580000,0x00000000d5580000,0x00000000dd480000)
  from space 10240K, 0% used [0x00000000dd480000,0x00000000dd480000,0x00000000dde80000)
  to   space 14848K, 0% used [0x00000000e3280000,0x00000000e3280000,0x00000000e4100000)
 ParOldGen       total 48640K, used 21103K [0x0000000080000000, 0x0000000082f80000, 0x00000000d5580000)
  object space 48640K, 43% used [0x0000000080000000,0x000000008149bf48,0x0000000082f80000)
 Metaspace       used 33936K, capacity 35362K, committed 35496K, reserved 1079296K
  class space    used 4447K, capacity 4728K, committed 4784K, reserved 1048576K
}
Event: 6.980 GC heap before
{Heap before GC invocations=10 (full 2):
 PSYoungGen      total 140288K, used 130048K [0x00000000d5580000, 0x00000000e4100000, 0x0000000100000000)
  eden space 130048K, 100% used [0x00000000d5580000,0x00000000dd480000,0x00000000dd480000)
  from space 10240K, 0% used [0x00000000dd480000,0x00000000dd480000,0x00000000dde80000)
  to   space 14848K, 0% used [0x00000000e3280000,0x00000000e3280000,0x00000000e4100000)
 ParOldGen       total 48640K, used 21103K [0x0000000080000000, 0x0000000082f80000, 0x00000000d5580000)
  object space 48640K, 43% used [0x0000000080000000,0x000000008149bf48,0x0000000082f80000)
 Metaspace       used 40913K, capacity 42960K, committed 43304K, reserved 1087488K
  class space    used 5449K, capacity 5837K, committed 5936K, reserved 1048576K
Event: 6.997 GC heap after
Heap after GC invocations=10 (full 2):
 PSYoungGen      total 213504K, used 10089K [0x00000000d5580000, 0x00000000e3c80000, 0x0000000100000000)
  eden space 203264K, 0% used [0x00000000d5580000,0x00000000d5580000,0x00000000e1c00000)
  from space 10240K, 98% used [0x00000000e3280000,0x00000000e3c5a658,0x00000000e3c80000)
  to   space 14848K, 0% used [0x00000000e1f80000,0x00000000e1f80000,0x00000000e2e00000)
 ParOldGen       total 48640K, used 21111K [0x0000000080000000, 0x0000000082f80000, 0x00000000d5580000)
  object space 48640K, 43% used [0x0000000080000000,0x000000008149df48,0x0000000082f80000)
 Metaspace       used 40913K, capacity 42960K, committed 43304K, reserved 1087488K
  class space    used 5449K, capacity 5837K, committed 5936K, reserved 1048576K
}

