# JRE version: Java(TM) SE Runtime Environment (8.0_121-b13) (build 1.8.0_121-b13)
# Java VM: Java HotSpot(TM) 64-Bit Server VM (25.121-b13 mixed mode windows-amd64 compressed oops)
Heap:
 PSYoungGen      total 137216K, used 116009K [0x00000000d5580000, 0x00000000de980000, 0x0000000100000000)
  eden space 126976K, 83% used [0x00000000d5580000,0x00000000dbccc328,0x00000000dd180000)
  from space 10240K, 99% used [0x00000000dd580000,0x00000000ddf7e378,0x00000000ddf80000)
  to   space 9216K, 0% used [0x00000000de080000,0x00000000de080000,0x00000000de980000)
 ParOldGen       total 71680K, used 25020K [0x0000000080000000, 0x0000000084600000, 0x00000000d5580000)
  object space 71680K, 34% used [0x0000000080000000,0x000000008186f208,0x0000000084600000)
 Metaspace       used 47855K, capacity 50568K, committed 50856K, reserved 1093632K
  class space    used 6543K, capacity 7017K, committed 7088K, reserved 1048576K
GC Heap History (10 events):
Event: 3.121 GC heap before
{Heap before GC invocations=7 (full 1):
 PSYoungGen      total 71680K, used 66560K [0x00000000d5580000, 0x00000000de980000, 0x0000000100000000)
  eden space 66560K, 100% used [0x00000000d5580000,0x00000000d9680000,0x00000000d9680000)
  from space 5120K, 0% used [0x00000000d9680000,0x00000000d9680000,0x00000000d9b80000)
  to   space 9216K, 0% used [0x00000000de080000,0x00000000de080000,0x00000000de980000)
 ParOldGen       total 44544K, used 5131K [0x0000000080000000, 0x0000000082b80000, 0x00000000d5580000)
  object space 44544K, 11% used [0x0000000080000000,0x0000000080502ca0,0x0000000082b80000)
 Metaspace       used 26336K, capacity 27100K, committed 27312K, reserved 1073152K
  class space    used 3449K, capacity 3653K, committed 3760K, reserved 1048576K
Event: 3.136 GC heap after
Heap after GC invocations=7 (full 1):
 PSYoungGen      total 136192K, used 8996K [0x00000000d5580000, 0x00000000de980000, 0x0000000100000000)
  eden space 126976K, 0% used [0x00000000d5580000,0x00000000d5580000,0x00000000dd180000)
  from space 9216K, 97% used [0x00000000de080000,0x00000000de949228,0x00000000de980000)
  to   space 10240K, 0% used [0x00000000dd580000,0x00000000dd580000,0x00000000ddf80000)
 ParOldGen       total 44544K, used 5139K [0x0000000080000000, 0x0000000082b80000, 0x00000000d5580000)
  object space 44544K, 11% used [0x0000000080000000,0x0000000080504ca0,0x0000000082b80000)
 Metaspace       used 26336K, capacity 27100K, committed 27312K, reserved 1073152K
  class space    used 3449K, capacity 3653K, committed 3760K, reserved 1048576K
}
Event: 4.867 GC heap before
{Heap before GC invocations=8 (full 1):
 PSYoungGen      total 136192K, used 119078K [0x00000000d5580000, 0x00000000de980000, 0x0000000100000000)
  eden space 126976K, 86% used [0x00000000d5580000,0x00000000dc100728,0x00000000dd180000)
  from space 9216K, 97% used [0x00000000de080000,0x00000000de949228,0x00000000de980000)
  to   space 10240K, 0% used [0x00000000dd580000,0x00000000dd580000,0x00000000ddf80000)
 ParOldGen       total 44544K, used 5139K [0x0000000080000000, 0x0000000082b80000, 0x00000000d5580000)
  object space 44544K, 11% used [0x0000000080000000,0x0000000080504ca0,0x0000000082b80000)
 Metaspace       used 33904K, capacity 35370K, committed 35496K, reserved 1079296K
  class space    used 4444K, capacity 4728K, committed 4784K, reserved 1048576K
Event: 4.916 GC heap after
Heap after GC invocations=8 (full 1):
 PSYoungGen      total 137216K, used 10208K [0x00000000d5580000, 0x00000000de980000, 0x0000000100000000)
  eden space 126976K, 0% used [0x00000000d5580000,0x00000000d5580000,0x00000000dd180000)
  from space 10240K, 99% used [0x00000000dd580000,0x00000000ddf78040,0x00000000ddf80000)
  to   space 9216K, 0% used [0x00000000de080000,0x00000000de080000,0x00000000de980000)
 ParOldGen       total 44544K, used 12205K [0x0000000080000000, 0x0000000082b80000, 0x00000000d5580000)
  object space 44544K, 27% used [0x0000000080000000,0x0000000080beb518,0x0000000082b80000)
 Metaspace       used 33904K, capacity 35370K, committed 35496K, reserved 1079296K
  class space    used 4444K, capacity 4728K, committed 4784K, reserved 1048576K
}
Event: 4.916 GC heap before
{Heap before GC invocations=9 (full 2):
 PSYoungGen      total 137216K, used 10208K [0x00000000d5580000, 0x00000000de980000, 0x0000000100000000)
  eden space 126976K, 0% used [0x00000000d5580000,0x00000000d5580000,0x00000000dd180000)
  from space 10240K, 99% used [0x00000000dd580000,0x00000000ddf78040,0x00000000ddf80000)
  to   space 9216K, 0% used [0x00000000de080000,0x00000000de080000,0x00000000de980000)
 ParOldGen       total 44544K, used 12205K [0x0000000080000000, 0x0000000082b80000, 0x00000000d5580000)
  object space 44544K, 27% used [0x0000000080000000,0x0000000080beb518,0x0000000082b80000)
 Metaspace       used 33904K, capacity 35370K, committed 35496K, reserved 1079296K
  class space    used 4444K, capacity 4728K, committed 4784K, reserved 1048576K
Event: 5.025 GC heap after
Heap after GC invocations=9 (full 2):
 PSYoungGen      total 137216K, used 0K [0x00000000d5580000, 0x00000000de980000, 0x0000000100000000)
  eden space 126976K, 0% used [0x00000000d5580000,0x00000000d5580000,0x00000000dd180000)
  from space 10240K, 0% used [0x00000000dd580000,0x00000000dd580000,0x00000000ddf80000)
  to   space 9216K, 0% used [0x00000000de080000,0x00000000de080000,0x00000000de980000)
 ParOldGen       total 71680K, used 21200K [0x0000000080000000, 0x0000000084600000, 0x00000000d5580000)
  object space 71680K, 29% used [0x0000000080000000,0x00000000814b4168,0x0000000084600000)
 Metaspace       used 33904K, capacity 35370K, committed 35496K, reserved 1079296K
  class space    used 4444K, capacity 4728K, committed 4784K, reserved 1048576K
}
Event: 7.014 GC heap before
{Heap before GC invocations=10 (full 2):
 PSYoungGen      total 137216K, used 126976K [0x00000000d5580000, 0x00000000de980000, 0x0000000100000000)
  eden space 126976K, 100% used [0x00000000d5580000,0x00000000dd180000,0x00000000dd180000)
  from space 10240K, 0% used [0x00000000dd580000,0x00000000dd580000,0x00000000ddf80000)
  to   space 9216K, 0% used [0x00000000de080000,0x00000000de080000,0x00000000de980000)
 ParOldGen       total 71680K, used 21200K [0x0000000080000000, 0x0000000084600000, 0x00000000d5580000)
  object space 71680K, 29% used [0x0000000080000000,0x00000000814b4168,0x0000000084600000)
 Metaspace       used 40915K, capacity 42922K, committed 43176K, reserved 1087488K
  class space    used 5443K, capacity 5804K, committed 5808K, reserved 1048576K
Event: 7.027 GC heap after
Heap after GC invocations=10 (full 2):
 PSYoungGen      total 136192K, used 9197K [0x00000000d5580000, 0x00000000de980000, 0x0000000100000000)
  eden space 126976K, 0% used [0x00000000d5580000,0x00000000d5580000,0x00000000dd180000)
  from space 9216K, 99% used [0x00000000de080000,0x00000000de97b468,0x00000000de980000)
  to   space 10240K, 0% used [0x00000000dd580000,0x00000000dd580000,0x00000000ddf80000)
 ParOldGen       total 71680K, used 22063K [0x0000000080000000, 0x0000000084600000, 0x00000000d5580000)
  object space 71680K, 30% used [0x0000000080000000,0x000000008158bcb0,0x0000000084600000)
 Metaspace       used 40915K, capacity 42922K, committed 43176K, reserved 1087488K
  class space    used 5443K, capacity 5804K, committed 5808K, reserved 1048576K
}
Event: 8.202 GC heap before
{Heap before GC invocations=11 (full 2):
 PSYoungGen      total 136192K, used 136173K [0x00000000d5580000, 0x00000000de980000, 0x0000000100000000)
  eden space 126976K, 100% used [0x00000000d5580000,0x00000000dd180000,0x00000000dd180000)
  from space 9216K, 99% used [0x00000000de080000,0x00000000de97b468,0x00000000de980000)
  to   space 10240K, 0% used [0x00000000dd580000,0x00000000dd580000,0x00000000ddf80000)
 ParOldGen       total 71680K, used 22063K [0x0000000080000000, 0x0000000084600000, 0x00000000d5580000)
  object space 71680K, 30% used [0x0000000080000000,0x000000008158bcb0,0x0000000084600000)
 Metaspace       used 44462K, capacity 46798K, committed 46888K, reserved 1089536K
  class space    used 5970K, capacity 6372K, committed 6448K, reserved 1048576K
Event: 8.219 GC heap after
Heap after GC invocations=11 (full 2):
 PSYoungGen      total 137216K, used 10232K [0x00000000d5580000, 0x00000000de980000, 0x0000000100000000)
  eden space 126976K, 0% used [0x00000000d5580000,0x00000000d5580000,0x00000000dd180000)
  from space 10240K, 99% used [0x00000000dd580000,0x00000000ddf7e378,0x00000000ddf80000)
  to   space 9216K, 0% used [0x00000000de080000,0x00000000de080000,0x00000000de980000)
 ParOldGen       total 71680K, used 25020K [0x0000000080000000, 0x0000000084600000, 0x00000000d5580000)
  object space 71680K, 34% used [0x0000000080000000,0x000000008186f208,0x0000000084600000)
 Metaspace       used 44462K, capacity 46798K, committed 46888K, reserved 1089536K
  class space    used 5970K, capacity 6372K, committed 6448K, reserved 1048576K
}

