# JRE version: Java(TM) SE Runtime Environment (8.0_121-b13) (build 1.8.0_121-b13)
# Java VM: Java HotSpot(TM) 64-Bit Server VM (25.121-b13 mixed mode windows-amd64 compressed oops)
Heap:
 PSYoungGen      total 119808K, used 27269K [0x00000000d5580000, 0x00000000dd780000, 0x0000000100000000)
  eden space 109568K, 16% used [0x00000000d5580000,0x00000000d66b81c0,0x00000000dc080000)
  from space 10240K, 94% used [0x00000000dcc00000,0x00000000dd569570,0x00000000dd600000)
  to   space 11776K, 0% used [0x00000000dc080000,0x00000000dc080000,0x00000000dcc00000)
 ParOldGen       total 56320K, used 17737K [0x0000000080000000, 0x0000000083700000, 0x00000000d5580000)
  object space 56320K, 31% used [0x0000000080000000,0x0000000081152758,0x0000000083700000)
 Metaspace       used 41015K, capacity 43046K, committed 43312K, reserved 1093632K
  class space    used 5462K, capacity 5816K, committed 5936K, reserved 1048576K
GC Heap History (10 events):
Event: 3.510 GC heap before
{Heap before GC invocations=6 (full 1):
 PSYoungGen      total 71680K, used 66560K [0x00000000d5580000, 0x00000000da080000, 0x0000000100000000)
  eden space 66560K, 100% used [0x00000000d5580000,0x00000000d9680000,0x00000000d9680000)
  from space 5120K, 0% used [0x00000000d9b80000,0x00000000d9b80000,0x00000000da080000)
  to   space 5120K, 0% used [0x00000000d9680000,0x00000000d9680000,0x00000000d9b80000)
 ParOldGen       total 56320K, used 8441K [0x0000000080000000, 0x0000000083700000, 0x00000000d5580000)
  object space 56320K, 14% used [0x0000000080000000,0x000000008083e5a8,0x0000000083700000)
 Metaspace       used 26106K, capacity 26934K, committed 27184K, reserved 1073152K
  class space    used 3413K, capacity 3620K, committed 3632K, reserved 1048576K
Event: 3.526 GC heap after
Heap after GC invocations=6 (full 1):
 PSYoungGen      total 71680K, used 5099K [0x00000000d5580000, 0x00000000dd600000, 0x0000000100000000)
  eden space 66560K, 0% used [0x00000000d5580000,0x00000000d5580000,0x00000000d9680000)
  from space 5120K, 99% used [0x00000000d9680000,0x00000000d9b7adc0,0x00000000d9b80000)
  to   space 10240K, 0% used [0x00000000dcc00000,0x00000000dcc00000,0x00000000dd600000)
 ParOldGen       total 56320K, used 11782K [0x0000000080000000, 0x0000000083700000, 0x00000000d5580000)
  object space 56320K, 20% used [0x0000000080000000,0x0000000080b81a38,0x0000000083700000)
 Metaspace       used 26106K, capacity 26934K, committed 27184K, reserved 1073152K
  class space    used 3413K, capacity 3620K, committed 3632K, reserved 1048576K
}
Event: 4.431 GC heap before
{Heap before GC invocations=7 (full 1):
 PSYoungGen      total 71680K, used 71659K [0x00000000d5580000, 0x00000000dd600000, 0x0000000100000000)
  eden space 66560K, 100% used [0x00000000d5580000,0x00000000d9680000,0x00000000d9680000)
  from space 5120K, 99% used [0x00000000d9680000,0x00000000d9b7adc0,0x00000000d9b80000)
  to   space 10240K, 0% used [0x00000000dcc00000,0x00000000dcc00000,0x00000000dd600000)
 ParOldGen       total 56320K, used 11782K [0x0000000080000000, 0x0000000083700000, 0x00000000d5580000)
  object space 56320K, 20% used [0x0000000080000000,0x0000000080b81a38,0x0000000083700000)
 Metaspace       used 30325K, capacity 31386K, committed 31664K, reserved 1077248K
  class space    used 3958K, capacity 4196K, committed 4272K, reserved 1048576K
Event: 4.447 GC heap after
Heap after GC invocations=7 (full 1):
 PSYoungGen      total 119808K, used 10150K [0x00000000d5580000, 0x00000000dd780000, 0x0000000100000000)
  eden space 109568K, 0% used [0x00000000d5580000,0x00000000d5580000,0x00000000dc080000)
  from space 10240K, 99% used [0x00000000dcc00000,0x00000000dd5e9810,0x00000000dd600000)
  to   space 11776K, 0% used [0x00000000dc080000,0x00000000dc080000,0x00000000dcc00000)
 ParOldGen       total 56320K, used 11790K [0x0000000080000000, 0x0000000083700000, 0x00000000d5580000)
  object space 56320K, 20% used [0x0000000080000000,0x0000000080b83a38,0x0000000083700000)
 Metaspace       used 30325K, capacity 31386K, committed 31664K, reserved 1077248K
  class space    used 3958K, capacity 4196K, committed 4272K, reserved 1048576K
}
Event: 5.127 GC heap before
{Heap before GC invocations=8 (full 1):
 PSYoungGen      total 119808K, used 49345K [0x00000000d5580000, 0x00000000dd780000, 0x0000000100000000)
  eden space 109568K, 35% used [0x00000000d5580000,0x00000000d7bc6dc8,0x00000000dc080000)
  from space 10240K, 99% used [0x00000000dcc00000,0x00000000dd5e9810,0x00000000dd600000)
  to   space 11776K, 0% used [0x00000000dc080000,0x00000000dc080000,0x00000000dcc00000)
 ParOldGen       total 56320K, used 11790K [0x0000000080000000, 0x0000000083700000, 0x00000000d5580000)
  object space 56320K, 20% used [0x0000000080000000,0x0000000080b83a38,0x0000000083700000)
 Metaspace       used 33003K, capacity 34468K, committed 34608K, reserved 1085440K
  class space    used 4344K, capacity 4627K, committed 4656K, reserved 1048576K
Event: 5.147 GC heap after
Heap after GC invocations=8 (full 1):
 PSYoungGen      total 121344K, used 11774K [0x00000000d5580000, 0x00000000dd780000, 0x0000000100000000)
  eden space 109568K, 0% used [0x00000000d5580000,0x00000000d5580000,0x00000000dc080000)
  from space 11776K, 99% used [0x00000000dc080000,0x00000000dcbffbb0,0x00000000dcc00000)
  to   space 10240K, 0% used [0x00000000dcc00000,0x00000000dcc00000,0x00000000dd600000)
 ParOldGen       total 56320K, used 13632K [0x0000000080000000, 0x0000000083700000, 0x00000000d5580000)
  object space 56320K, 24% used [0x0000000080000000,0x0000000080d503b0,0x0000000083700000)
 Metaspace       used 33003K, capacity 34468K, committed 34608K, reserved 1085440K
  class space    used 4344K, capacity 4627K, committed 4656K, reserved 1048576K
}
Event: 5.147 GC heap before
{Heap before GC invocations=9 (full 2):
 PSYoungGen      total 121344K, used 11774K [0x00000000d5580000, 0x00000000dd780000, 0x0000000100000000)
  eden space 109568K, 0% used [0x00000000d5580000,0x00000000d5580000,0x00000000dc080000)
  from space 11776K, 99% used [0x00000000dc080000,0x00000000dcbffbb0,0x00000000dcc00000)
  to   space 10240K, 0% used [0x00000000dcc00000,0x00000000dcc00000,0x00000000dd600000)
 ParOldGen       total 56320K, used 13632K [0x0000000080000000, 0x0000000083700000, 0x00000000d5580000)
  object space 56320K, 24% used [0x0000000080000000,0x0000000080d503b0,0x0000000083700000)
 Metaspace       used 33003K, capacity 34468K, committed 34608K, reserved 1085440K
  class space    used 4344K, capacity 4627K, committed 4656K, reserved 1048576K
Event: 5.222 GC heap after
Heap after GC invocations=9 (full 2):
 PSYoungGen      total 121344K, used 0K [0x00000000d5580000, 0x00000000dd780000, 0x0000000100000000)
  eden space 109568K, 0% used [0x00000000d5580000,0x00000000d5580000,0x00000000dc080000)
  from space 11776K, 0% used [0x00000000dc080000,0x00000000dc080000,0x00000000dcc00000)
  to   space 10240K, 0% used [0x00000000dcc00000,0x00000000dcc00000,0x00000000dd600000)
 ParOldGen       total 56320K, used 17729K [0x0000000080000000, 0x0000000083700000, 0x00000000d5580000)
  object space 56320K, 31% used [0x0000000080000000,0x0000000081150758,0x0000000083700000)
 Metaspace       used 33003K, capacity 34468K, committed 34608K, reserved 1083392K
  class space    used 4344K, capacity 4627K, committed 4656K, reserved 1048576K
}
Event: 7.033 GC heap before
{Heap before GC invocations=10 (full 2):
 PSYoungGen      total 121344K, used 109568K [0x00000000d5580000, 0x00000000dd780000, 0x0000000100000000)
  eden space 109568K, 100% used [0x00000000d5580000,0x00000000dc080000,0x00000000dc080000)
  from space 11776K, 0% used [0x00000000dc080000,0x00000000dc080000,0x00000000dcc00000)
  to   space 10240K, 0% used [0x00000000dcc00000,0x00000000dcc00000,0x00000000dd600000)
 ParOldGen       total 56320K, used 17729K [0x0000000080000000, 0x0000000083700000, 0x00000000d5580000)
  object space 56320K, 31% used [0x0000000080000000,0x0000000081150758,0x0000000083700000)
 Metaspace       used 40267K, capacity 42334K, committed 42416K, reserved 1091584K
  class space    used 5361K, capacity 5738K, committed 5808K, reserved 1048576K
Event: 7.044 GC heap after
Heap after GC invocations=10 (full 2):
 PSYoungGen      total 119808K, used 9637K [0x00000000d5580000, 0x00000000dd780000, 0x0000000100000000)
  eden space 109568K, 0% used [0x00000000d5580000,0x00000000d5580000,0x00000000dc080000)
  from space 10240K, 94% used [0x00000000dcc00000,0x00000000dd569570,0x00000000dd600000)
  to   space 11776K, 0% used [0x00000000dc080000,0x00000000dc080000,0x00000000dcc00000)
 ParOldGen       total 56320K, used 17737K [0x0000000080000000, 0x0000000083700000, 0x00000000d5580000)
  object space 56320K, 31% used [0x0000000080000000,0x0000000081152758,0x0000000083700000)
 Metaspace       used 40267K, capacity 42334K, committed 42416K, reserved 1091584K
  class space    used 5361K, capacity 5738K, committed 5808K, reserved 1048576K
}

