# JRE version: Java(TM) SE Runtime Environment (8.0_121-b13) (build 1.8.0_121-b13)
# Java VM: Java HotSpot(TM) 64-Bit Server VM (25.121-b13 mixed mode windows-amd64 compressed oops)
Heap:
 PSYoungGen      total 170496K, used 32771K [0x00000000d5580000, 0x00000000e1900000, 0x0000000100000000)
  eden space 160768K, 14% used [0x00000000d5580000,0x00000000d6c3bee8,0x00000000df280000)
  from space 9728K, 97% used [0x00000000e0f80000,0x00000000e18c4f70,0x00000000e1900000)
  to   space 14336K, 0% used [0x00000000dfd00000,0x00000000dfd00000,0x00000000e0b00000)
 ParOldGen       total 57344K, used 18859K [0x0000000080000000, 0x0000000083800000, 0x00000000d5580000)
  object space 57344K, 32% used [0x0000000080000000,0x000000008126ae50,0x0000000083800000)
 Metaspace       used 41168K, capacity 43202K, committed 43560K, reserved 1087488K
  class space    used 5484K, capacity 5848K, committed 5936K, reserved 1048576K
GC Heap History (10 events):
Event: 3.228 GC heap before
{Heap before GC invocations=6 (full 1):
 PSYoungGen      total 71680K, used 66560K [0x00000000d5580000, 0x00000000da080000, 0x0000000100000000)
  eden space 66560K, 100% used [0x00000000d5580000,0x00000000d9680000,0x00000000d9680000)
  from space 5120K, 0% used [0x00000000d9b80000,0x00000000d9b80000,0x00000000da080000)
  to   space 5120K, 0% used [0x00000000d9680000,0x00000000d9680000,0x00000000d9b80000)
 ParOldGen       total 57344K, used 8611K [0x0000000080000000, 0x0000000083800000, 0x00000000d5580000)
  object space 57344K, 15% used [0x0000000080000000,0x0000000080868cf8,0x0000000083800000)
 Metaspace       used 26156K, capacity 26940K, committed 27184K, reserved 1073152K
  class space    used 3417K, capacity 3621K, committed 3632K, reserved 1048576K
Event: 3.244 GC heap after
Heap after GC invocations=6 (full 1):
 PSYoungGen      total 71680K, used 5118K [0x00000000d5580000, 0x00000000dd480000, 0x0000000100000000)
  eden space 66560K, 0% used [0x00000000d5580000,0x00000000d5580000,0x00000000d9680000)
  from space 5120K, 99% used [0x00000000d9680000,0x00000000d9b7fa58,0x00000000d9b80000)
  to   space 10240K, 0% used [0x00000000dca80000,0x00000000dca80000,0x00000000dd480000)
 ParOldGen       total 57344K, used 11941K [0x0000000080000000, 0x0000000083800000, 0x00000000d5580000)
  object space 57344K, 20% used [0x0000000080000000,0x0000000080ba94e0,0x0000000083800000)
 Metaspace       used 26156K, capacity 26940K, committed 27184K, reserved 1073152K
  class space    used 3417K, capacity 3621K, committed 3632K, reserved 1048576K
}
Event: 4.130 GC heap before
{Heap before GC invocations=7 (full 1):
 PSYoungGen      total 71680K, used 71678K [0x00000000d5580000, 0x00000000dd480000, 0x0000000100000000)
  eden space 66560K, 100% used [0x00000000d5580000,0x00000000d9680000,0x00000000d9680000)
  from space 5120K, 99% used [0x00000000d9680000,0x00000000d9b7fa58,0x00000000d9b80000)
  to   space 10240K, 0% used [0x00000000dca80000,0x00000000dca80000,0x00000000dd480000)
 ParOldGen       total 57344K, used 11941K [0x0000000080000000, 0x0000000083800000, 0x00000000d5580000)
  object space 57344K, 20% used [0x0000000080000000,0x0000000080ba94e0,0x0000000083800000)
 Metaspace       used 30327K, capacity 31392K, committed 31664K, reserved 1077248K
  class space    used 3952K, capacity 4195K, committed 4272K, reserved 1048576K
Event: 4.144 GC heap after
Heap after GC invocations=7 (full 1):
 PSYoungGen      total 118272K, used 10031K [0x00000000d5580000, 0x00000000dd600000, 0x0000000100000000)
  eden space 108032K, 0% used [0x00000000d5580000,0x00000000d5580000,0x00000000dbf00000)
  from space 10240K, 97% used [0x00000000dca80000,0x00000000dd44bd78,0x00000000dd480000)
  to   space 11776K, 0% used [0x00000000dbf00000,0x00000000dbf00000,0x00000000dca80000)
 ParOldGen       total 57344K, used 11949K [0x0000000080000000, 0x0000000083800000, 0x00000000d5580000)
  object space 57344K, 20% used [0x0000000080000000,0x0000000080bab4e0,0x0000000083800000)
 Metaspace       used 30327K, capacity 31392K, committed 31664K, reserved 1077248K
  class space    used 3952K, capacity 4195K, committed 4272K, reserved 1048576K
}
Event: 4.879 GC heap before
{Heap before GC invocations=8 (full 1):
 PSYoungGen      total 118272K, used 55767K [0x00000000d5580000, 0x00000000dd600000, 0x0000000100000000)
  eden space 108032K, 42% used [0x00000000d5580000,0x00000000d822a148,0x00000000dbf00000)
  from space 10240K, 97% used [0x00000000dca80000,0x00000000dd44bd78,0x00000000dd480000)
  to   space 11776K, 0% used [0x00000000dbf00000,0x00000000dbf00000,0x00000000dca80000)
 ParOldGen       total 57344K, used 11949K [0x0000000080000000, 0x0000000083800000, 0x00000000d5580000)
  object space 57344K, 20% used [0x0000000080000000,0x0000000080bab4e0,0x0000000083800000)
 Metaspace       used 33922K, capacity 35370K, committed 35496K, reserved 1079296K
  class space    used 4443K, capacity 4728K, committed 4784K, reserved 1048576K
Event: 4.899 GC heap after
Heap after GC invocations=8 (full 1):
 PSYoungGen      total 119808K, used 11763K [0x00000000d5580000, 0x00000000e1e00000, 0x0000000100000000)
  eden space 108032K, 0% used [0x00000000d5580000,0x00000000d5580000,0x00000000dbf00000)
  from space 11776K, 99% used [0x00000000dbf00000,0x00000000dca7cd80,0x00000000dca80000)
  to   space 14848K, 0% used [0x00000000e0f80000,0x00000000e0f80000,0x00000000e1e00000)
 ParOldGen       total 57344K, used 14953K [0x0000000080000000, 0x0000000083800000, 0x00000000d5580000)
  object space 57344K, 26% used [0x0000000080000000,0x0000000080e9a648,0x0000000083800000)
 Metaspace       used 33922K, capacity 35370K, committed 35496K, reserved 1079296K
  class space    used 4443K, capacity 4728K, committed 4784K, reserved 1048576K
}
Event: 4.899 GC heap before
{Heap before GC invocations=9 (full 2):
 PSYoungGen      total 119808K, used 11763K [0x00000000d5580000, 0x00000000e1e00000, 0x0000000100000000)
  eden space 108032K, 0% used [0x00000000d5580000,0x00000000d5580000,0x00000000dbf00000)
  from space 11776K, 99% used [0x00000000dbf00000,0x00000000dca7cd80,0x00000000dca80000)
  to   space 14848K, 0% used [0x00000000e0f80000,0x00000000e0f80000,0x00000000e1e00000)
 ParOldGen       total 57344K, used 14953K [0x0000000080000000, 0x0000000083800000, 0x00000000d5580000)
  object space 57344K, 26% used [0x0000000080000000,0x0000000080e9a648,0x0000000083800000)
 Metaspace       used 33922K, capacity 35370K, committed 35496K, reserved 1079296K
  class space    used 4443K, capacity 4728K, committed 4784K, reserved 1048576K
Event: 4.974 GC heap after
Heap after GC invocations=9 (full 2):
 PSYoungGen      total 119808K, used 0K [0x00000000d5580000, 0x00000000e1e00000, 0x0000000100000000)
  eden space 108032K, 0% used [0x00000000d5580000,0x00000000d5580000,0x00000000dbf00000)
  from space 11776K, 0% used [0x00000000dbf00000,0x00000000dbf00000,0x00000000dca80000)
  to   space 14848K, 0% used [0x00000000e0f80000,0x00000000e0f80000,0x00000000e1e00000)
 ParOldGen       total 57344K, used 18851K [0x0000000080000000, 0x0000000083800000, 0x00000000d5580000)
  object space 57344K, 32% used [0x0000000080000000,0x0000000081268e50,0x0000000083800000)
 Metaspace       used 33922K, capacity 35370K, committed 35496K, reserved 1079296K
  class space    used 4443K, capacity 4728K, committed 4784K, reserved 1048576K
}
Event: 6.686 GC heap before
{Heap before GC invocations=10 (full 2):
 PSYoungGen      total 119808K, used 108032K [0x00000000d5580000, 0x00000000e1e00000, 0x0000000100000000)
  eden space 108032K, 100% used [0x00000000d5580000,0x00000000dbf00000,0x00000000dbf00000)
  from space 11776K, 0% used [0x00000000dbf00000,0x00000000dbf00000,0x00000000dca80000)
  to   space 14848K, 0% used [0x00000000e0f80000,0x00000000e0f80000,0x00000000e1e00000)
 ParOldGen       total 57344K, used 18851K [0x0000000080000000, 0x0000000083800000, 0x00000000d5580000)
  object space 57344K, 32% used [0x0000000080000000,0x0000000081268e50,0x0000000083800000)
 Metaspace       used 40663K, capacity 42698K, committed 42920K, reserved 1087488K
  class space    used 5411K, capacity 5772K, committed 5808K, reserved 1048576K
Event: 6.703 GC heap after
Heap after GC invocations=10 (full 2):
 PSYoungGen      total 170496K, used 9491K [0x00000000d5580000, 0x00000000e1900000, 0x0000000100000000)
  eden space 160768K, 0% used [0x00000000d5580000,0x00000000d5580000,0x00000000df280000)
  from space 9728K, 97% used [0x00000000e0f80000,0x00000000e18c4f70,0x00000000e1900000)
  to   space 14336K, 0% used [0x00000000dfd00000,0x00000000dfd00000,0x00000000e0b00000)
 ParOldGen       total 57344K, used 18859K [0x0000000080000000, 0x0000000083800000, 0x00000000d5580000)
  object space 57344K, 32% used [0x0000000080000000,0x000000008126ae50,0x0000000083800000)
 Metaspace       used 40663K, capacity 42698K, committed 42920K, reserved 1087488K
  class space    used 5411K, capacity 5772K, committed 5808K, reserved 1048576K
}

